<?xml version="1.0" encoding="UTF-8"?>
<robot generator="Robot 3.2.1 (Python 3.8.2 on linux)" generated="20200601 14:13:17.177" rpa="false">
<suite id="s1" name="TC 001" source="/home/yang/Desktop/pycharm/first/TestCases/TC_001.robot">
<test id="s1-t1" name="Valid Login">
<kw name="Open Browser To Login Page">
<kw name="Open Browser" library="SeleniumLibrary">
<doc>Opens a new browser instance to the optional ``url``.</doc>
<arguments>
<arg>${LOGIN URL}</arg>
<arg>${BROWSER}</arg>
</arguments>
<msg timestamp="20200601 14:13:17.281" level="INFO">Opening browser 'Chrome' to base url 'http://localhost:5000/login'.</msg>
<status status="PASS" starttime="20200601 14:13:17.281" endtime="20200601 14:13:20.188"></status>
</kw>
<kw name="Title Should Be" library="SeleniumLibrary">
<doc>Verifies that the current page title equals ``title``.</doc>
<arguments>
<arg>Login Page</arg>
</arguments>
<msg timestamp="20200601 14:13:20.195" level="INFO">Page title is 'Login Page'.</msg>
<status status="PASS" starttime="20200601 14:13:20.189" endtime="20200601 14:13:20.195"></status>
</kw>
<status status="PASS" starttime="20200601 14:13:17.281" endtime="20200601 14:13:20.195"></status>
</kw>
<kw name="Input Username">
<arguments>
<arg>aaaa</arg>
</arguments>
<kw name="Input Text" library="SeleniumLibrary">
<doc>Types the given ``text`` into the text field identified by ``locator``.</doc>
<arguments>
<arg>username</arg>
<arg>${username}</arg>
</arguments>
<msg timestamp="20200601 14:13:20.196" level="INFO">Typing text 'aaaa' into text field 'username'.</msg>
<status status="PASS" starttime="20200601 14:13:20.195" endtime="20200601 14:13:20.282"></status>
</kw>
<status status="PASS" starttime="20200601 14:13:20.195" endtime="20200601 14:13:20.282"></status>
</kw>
<kw name="Input Password">
<arguments>
<arg>aaaa</arg>
</arguments>
<kw name="Input Text" library="SeleniumLibrary">
<doc>Types the given ``text`` into the text field identified by ``locator``.</doc>
<arguments>
<arg>password</arg>
<arg>${password}</arg>
</arguments>
<msg timestamp="20200601 14:13:20.283" level="INFO">Typing text 'aaaa' into text field 'password'.</msg>
<status status="PASS" starttime="20200601 14:13:20.283" endtime="20200601 14:13:20.368"></status>
</kw>
<status status="PASS" starttime="20200601 14:13:20.282" endtime="20200601 14:13:20.369"></status>
</kw>
<kw name="Submit Credentials">
<kw name="Click Button" library="SeleniumLibrary">
<doc>Clicks the button identified by ``locator``.</doc>
<arguments>
<arg>button</arg>
</arguments>
<msg timestamp="20200601 14:13:20.369" level="INFO">Clicking button 'button'.</msg>
<status status="PASS" starttime="20200601 14:13:20.369" endtime="20200601 14:13:20.467"></status>
</kw>
<status status="PASS" starttime="20200601 14:13:20.369" endtime="20200601 14:13:20.467"></status>
</kw>
<kw name="Right Page Should Be Open">
<kw name="Title Should Be" library="SeleniumLibrary">
<doc>Verifies that the current page title equals ``title``.</doc>
<arguments>
<arg>right</arg>
</arguments>
<msg timestamp="20200601 14:13:20.471" level="INFO">Page title is 'right'.</msg>
<status status="PASS" starttime="20200601 14:13:20.467" endtime="20200601 14:13:20.471"></status>
</kw>
<status status="PASS" starttime="20200601 14:13:20.467" endtime="20200601 14:13:20.471"></status>
</kw>
<kw name="Close Browser" library="SeleniumLibrary" type="teardown">
<doc>Closes the current browser.</doc>
<status status="PASS" starttime="20200601 14:13:20.472" endtime="20200601 14:13:20.528"></status>
</kw>
<status status="PASS" starttime="20200601 14:13:17.280" endtime="20200601 14:13:20.528" critical="yes"></status>
</test>
<status status="PASS" starttime="20200601 14:13:17.178" endtime="20200601 14:13:20.529"></status>
</suite>
<statistics>
<total>
<stat pass="1" fail="0">Critical Tests</stat>
<stat pass="1" fail="0">All Tests</stat>
</total>
<tag>
</tag>
<suite>
<stat pass="1" fail="0" id="s1" name="TC 001">TC 001</stat>
</suite>
</statistics>
<errors>
</errors>
</robot>
