<?xml version="1.0" encoding="UTF-8"?>
<robot generator="Robot 3.2.1 (Python 3.8.2 on linux)" generated="20200608 10:33:43.277" rpa="false">
<suite id="s1" name="TC 001" source="/home/yang/Desktop/LoginTest/pycharm/first/TestCases/TC_001.robot">
<test id="s1-t1" name="Valid Login">
<kw name="Open Browser To Login Page">
<kw name="Open Browser" library="SeleniumLibrary">
<doc>Opens a new browser instance to the optional ``url``.</doc>
<arguments>
<arg>${LOGIN URL}</arg>
<arg>${BROWSER}</arg>
</arguments>
<msg timestamp="20200608 10:33:43.672" level="INFO">Opening browser 'Chrome' to base url 'http://localhost:5000/login'.</msg>
<status status="PASS" starttime="20200608 10:33:43.672" endtime="20200608 10:33:52.687"></status>
</kw>
<kw name="Title Should Be" library="SeleniumLibrary">
<doc>Verifies that the current page title equals ``title``.</doc>
<arguments>
<arg>Login Page</arg>
</arguments>
<msg timestamp="20200608 10:33:52.692" level="INFO">Page title is 'Login Page'.</msg>
<status status="PASS" starttime="20200608 10:33:52.687" endtime="20200608 10:33:52.692"></status>
</kw>
<status status="PASS" starttime="20200608 10:33:43.671" endtime="20200608 10:33:52.692"></status>
</kw>
<kw name="Input Username">
<arguments>
<arg>aaaa</arg>
</arguments>
<kw name="Input Text" library="SeleniumLibrary">
<doc>Types the given ``text`` into the text field identified by ``locator``.</doc>
<arguments>
<arg>username</arg>
<arg>${username}</arg>
</arguments>
<msg timestamp="20200608 10:33:52.693" level="INFO">Typing text 'aaaa' into text field 'username'.</msg>
<status status="PASS" starttime="20200608 10:33:52.693" endtime="20200608 10:33:52.849"></status>
</kw>
<status status="PASS" starttime="20200608 10:33:52.692" endtime="20200608 10:33:52.849"></status>
</kw>
<kw name="Input Password">
<arguments>
<arg>aaaa</arg>
</arguments>
<kw name="Input Text" library="SeleniumLibrary">
<doc>Types the given ``text`` into the text field identified by ``locator``.</doc>
<arguments>
<arg>password</arg>
<arg>${password}</arg>
</arguments>
<msg timestamp="20200608 10:33:52.849" level="INFO">Typing text 'aaaa' into text field 'password'.</msg>
<status status="PASS" starttime="20200608 10:33:52.849" endtime="20200608 10:33:52.948"></status>
</kw>
<status status="PASS" starttime="20200608 10:33:52.849" endtime="20200608 10:33:52.948"></status>
</kw>
<kw name="Submit Credentials">
<kw name="Click Button" library="SeleniumLibrary">
<doc>Clicks the button identified by ``locator``.</doc>
<arguments>
<arg>button</arg>
</arguments>
<msg timestamp="20200608 10:33:52.949" level="INFO">Clicking button 'button'.</msg>
<status status="PASS" starttime="20200608 10:33:52.948" endtime="20200608 10:33:53.047"></status>
</kw>
<status status="PASS" starttime="20200608 10:33:52.948" endtime="20200608 10:33:53.047"></status>
</kw>
<kw name="Right Page Should Be Open">
<kw name="Title Should Be" library="SeleniumLibrary">
<doc>Verifies that the current page title equals ``title``.</doc>
<arguments>
<arg>right</arg>
</arguments>
<msg timestamp="20200608 10:33:53.052" level="INFO">Page title is 'right'.</msg>
<status status="PASS" starttime="20200608 10:33:53.047" endtime="20200608 10:33:53.052"></status>
</kw>
<status status="PASS" starttime="20200608 10:33:53.047" endtime="20200608 10:33:53.052"></status>
</kw>
<kw name="Close Browser" library="SeleniumLibrary" type="teardown">
<doc>Closes the current browser.</doc>
<status status="PASS" starttime="20200608 10:33:53.053" endtime="20200608 10:33:53.113"></status>
</kw>
<status status="PASS" starttime="20200608 10:33:43.670" endtime="20200608 10:33:53.113" critical="yes"></status>
</test>
<test id="s1-t2" name="Invalid Login">
<kw name="Open Browser To Login Page">
<kw name="Open Browser" library="SeleniumLibrary">
<doc>Opens a new browser instance to the optional ``url``.</doc>
<arguments>
<arg>${LOGIN URL}</arg>
<arg>${BROWSER}</arg>
</arguments>
<msg timestamp="20200608 10:33:53.115" level="INFO">Opening browser 'Chrome' to base url 'http://localhost:5000/login'.</msg>
<status status="PASS" starttime="20200608 10:33:53.114" endtime="20200608 10:33:56.057"></status>
</kw>
<kw name="Title Should Be" library="SeleniumLibrary">
<doc>Verifies that the current page title equals ``title``.</doc>
<arguments>
<arg>Login Page</arg>
</arguments>
<msg timestamp="20200608 10:33:56.063" level="INFO">Page title is 'Login Page'.</msg>
<status status="PASS" starttime="20200608 10:33:56.057" endtime="20200608 10:33:56.063"></status>
</kw>
<status status="PASS" starttime="20200608 10:33:53.114" endtime="20200608 10:33:56.063"></status>
</kw>
<kw name="Input Username">
<arguments>
<arg>bbbb</arg>
</arguments>
<kw name="Input Text" library="SeleniumLibrary">
<doc>Types the given ``text`` into the text field identified by ``locator``.</doc>
<arguments>
<arg>username</arg>
<arg>${username}</arg>
</arguments>
<msg timestamp="20200608 10:33:56.064" level="INFO">Typing text 'bbbb' into text field 'username'.</msg>
<status status="PASS" starttime="20200608 10:33:56.064" endtime="20200608 10:33:56.156"></status>
</kw>
<status status="PASS" starttime="20200608 10:33:56.063" endtime="20200608 10:33:56.157"></status>
</kw>
<kw name="Input Password">
<arguments>
<arg>eeee</arg>
</arguments>
<kw name="Input Text" library="SeleniumLibrary">
<doc>Types the given ``text`` into the text field identified by ``locator``.</doc>
<arguments>
<arg>password</arg>
<arg>${password}</arg>
</arguments>
<msg timestamp="20200608 10:33:56.157" level="INFO">Typing text 'eeee' into text field 'password'.</msg>
<status status="PASS" starttime="20200608 10:33:56.157" endtime="20200608 10:33:56.259"></status>
</kw>
<status status="PASS" starttime="20200608 10:33:56.157" endtime="20200608 10:33:56.260"></status>
</kw>
<kw name="Submit Credentials">
<kw name="Click Button" library="SeleniumLibrary">
<doc>Clicks the button identified by ``locator``.</doc>
<arguments>
<arg>button</arg>
</arguments>
<msg timestamp="20200608 10:33:56.260" level="INFO">Clicking button 'button'.</msg>
<status status="PASS" starttime="20200608 10:33:56.260" endtime="20200608 10:33:56.364"></status>
</kw>
<status status="PASS" starttime="20200608 10:33:56.260" endtime="20200608 10:33:56.365"></status>
</kw>
<kw name="Error Page Should Be Open">
<kw name="Title Should Be" library="SeleniumLibrary">
<doc>Verifies that the current page title equals ``title``.</doc>
<arguments>
<arg>error</arg>
</arguments>
<msg timestamp="20200608 10:33:56.368" level="INFO">Page title is 'error'.</msg>
<status status="PASS" starttime="20200608 10:33:56.365" endtime="20200608 10:33:56.368"></status>
</kw>
<status status="PASS" starttime="20200608 10:33:56.365" endtime="20200608 10:33:56.369"></status>
</kw>
<kw name="Close Browser" library="SeleniumLibrary" type="teardown">
<doc>Closes the current browser.</doc>
<status status="PASS" starttime="20200608 10:33:56.369" endtime="20200608 10:33:56.426"></status>
</kw>
<status status="PASS" starttime="20200608 10:33:53.114" endtime="20200608 10:33:56.427" critical="yes"></status>
</test>
<status status="PASS" starttime="20200608 10:33:43.278" endtime="20200608 10:33:56.427"></status>
</suite>
<statistics>
<total>
<stat pass="2" fail="0">Critical Tests</stat>
<stat pass="2" fail="0">All Tests</stat>
</total>
<tag>
</tag>
<suite>
<stat pass="2" fail="0" id="s1" name="TC 001">TC 001</stat>
</suite>
</statistics>
<errors>
</errors>
</robot>
